<?xml version="1.0" encoding="UTF-8"?>
<testng-results ignored="0" total="2" passed="2" failed="0" skipped="0">
  <reporter-output>
  </reporter-output>
  <suite started-at="2019-06-10T19:30:16Z" name="Suite" finished-at="2019-06-10T19:30:41Z" duration-ms="24223">
    <groups>
    </groups>
    <test started-at="2019-06-10T19:30:16Z" name="Test" finished-at="2019-06-10T19:30:41Z" duration-ms="24223">
      <class name="com.demout.tour.test.AllTest">
        <test-method is-config="true" signature="openBrowser()[pri:0, instance:com.demout.tour.test.AllTest@21507a04]" started-at="2019-06-10T19:30:16Z" name="openBrowser" finished-at="2019-06-10T19:30:22Z" duration-ms="5936" status="PASS">
          <reporter-output>
          </reporter-output>
        </test-method> <!-- openBrowser -->
        <test-method signature="flightBooking()[pri:0, instance:com.demout.tour.test.AllTest@21507a04]" started-at="2019-06-10T19:30:22Z" name="flightBooking" finished-at="2019-06-10T19:30:30Z" duration-ms="7970" status="PASS">
          <reporter-output>
          </reporter-output>
        </test-method> <!-- flightBooking -->
        <test-method is-config="true" signature="closeBrowser()[pri:0, instance:com.demout.tour.test.AllTest@21507a04]" started-at="2019-06-10T19:30:30Z" name="closeBrowser" finished-at="2019-06-10T19:30:31Z" duration-ms="145" status="PASS">
          <reporter-output>
          </reporter-output>
        </test-method> <!-- closeBrowser -->
      </class> <!-- com.demout.tour.test.AllTest -->
      <class name="com.demout.tour.test.Validate">
        <test-method is-config="true" signature="openBrowser()[pri:0, instance:com.demout.tour.test.Validate@143640d5]" started-at="2019-06-10T19:30:31Z" name="openBrowser" finished-at="2019-06-10T19:30:35Z" duration-ms="4969" status="PASS">
          <reporter-output>
          </reporter-output>
        </test-method> <!-- openBrowser -->
        <test-method signature="valideUser()[pri:0, instance:com.demout.tour.test.Validate@143640d5]" started-at="2019-06-10T19:30:35Z" name="valideUser" finished-at="2019-06-10T19:30:40Z" duration-ms="4942" status="PASS">
          <reporter-output>
          </reporter-output>
        </test-method> <!-- valideUser -->
        <test-method is-config="true" signature="closeBrowser()[pri:0, instance:com.demout.tour.test.Validate@143640d5]" started-at="2019-06-10T19:30:40Z" name="closeBrowser" finished-at="2019-06-10T19:30:41Z" duration-ms="227" status="PASS">
          <reporter-output>
          </reporter-output>
        </test-method> <!-- closeBrowser -->
      </class> <!-- com.demout.tour.test.Validate -->
    </test> <!-- Test -->
  </suite> <!-- Suite -->
</testng-results>
